[2025-05-15 17:34:11] INFO     waitress    : Serving on http://0.0.0.0:8080
[2025-05-15 17:38:27] INFO     waitress    : Serving on http://0.0.0.0:8080
[2025-05-15 17:38:59] INFO     waitress    : Serving on http://0.0.0.0:8080
[2025-05-15 17:39:05] INFO     wsgi        : Request: GET / from 127.0.0.1
[2025-05-15 17:39:05] INFO     router      : route_request: GET /
[2025-05-15 17:39:05] DEBUG    router      : Matched GET route: /
[2025-05-15 17:39:05] DEBUG    app         : route: {'template': 'index.html', 'context': {}, 'status': '200 OK', 'headers': [('Content-Type', 'text/html; charset=utf-8')]}
[2025-05-15 17:39:05] INFO     wsgi        : Response: 200 OK
[2025-05-15 17:39:05] INFO     wsgi        : Request completed in 0.006480s
[2025-05-15 17:39:05] INFO     wsgi        : Request: GET /css/style.css from 127.0.0.1
[2025-05-15 17:39:05] INFO     wsgi        : Response: 200 OK
[2025-05-15 17:39:05] INFO     wsgi        : Request completed in 0.049681s
[2025-05-15 17:39:05] INFO     wsgi        : Request: GET /js/app.js from 127.0.0.1
[2025-05-15 17:39:05] INFO     wsgi        : Response: 200 OK
[2025-05-15 17:39:05] INFO     wsgi        : Request completed in 0.000416s
[2025-05-15 17:39:05] INFO     wsgi        : Request: GET /images/menu.png from 127.0.0.1
[2025-05-15 17:39:05] INFO     wsgi        : Response: 200 OK
[2025-05-15 17:39:05] INFO     wsgi        : Request completed in 0.000289s
[2025-05-15 17:39:05] INFO     wsgi        : Request: GET /images/welcome_image.png from 127.0.0.1
[2025-05-15 17:39:05] INFO     wsgi        : Response: 200 OK
[2025-05-15 17:39:05] INFO     wsgi        : Request completed in 0.001226s
[2025-05-15 17:39:17] INFO     wsgi        : Request: GET /new-match from 127.0.0.1
[2025-05-15 17:39:17] INFO     router      : route_request: GET /new-match
[2025-05-15 17:39:17] DEBUG    router      : Matched GET route: /new-match
[2025-05-15 17:39:17] DEBUG    app         : route: {'template': 'new-match.html', 'context': {}, 'status': '200 OK', 'headers': [('Content-Type', 'text/html; charset=utf-8')]}
[2025-05-15 17:39:17] INFO     wsgi        : Response: 200 OK
[2025-05-15 17:39:17] INFO     wsgi        : Request completed in 0.002394s
[2025-05-15 17:39:17] INFO     wsgi        : Request: GET /css/style.css from 127.0.0.1
[2025-05-15 17:39:17] INFO     wsgi        : Response: 200 OK
[2025-05-15 17:39:17] INFO     wsgi        : Request completed in 0.000498s
[2025-05-15 17:39:17] INFO     wsgi        : Request: GET /js/app.js from 127.0.0.1
[2025-05-15 17:39:17] INFO     wsgi        : Response: 200 OK
[2025-05-15 17:39:17] INFO     wsgi        : Request completed in 0.000370s
[2025-05-15 17:39:17] INFO     wsgi        : Request: GET /images/menu.png from 127.0.0.1
[2025-05-15 17:39:17] INFO     wsgi        : Response: 200 OK
[2025-05-15 17:39:17] INFO     wsgi        : Request completed in 0.000551s
[2025-05-15 17:39:17] INFO     wsgi        : Request: GET /images/racket.png from 127.0.0.1
[2025-05-15 17:39:17] INFO     wsgi        : Response: 200 OK
[2025-05-15 17:39:17] INFO     wsgi        : Request completed in 0.001382s
[2025-05-15 17:40:12] INFO     waitress    : Serving on http://127.0.0.1:8080
[2025-05-15 17:40:16] INFO     wsgi        : Request: GET / from 127.0.0.1
[2025-05-15 17:40:16] INFO     router      : route_request: GET /
[2025-05-15 17:40:16] DEBUG    router      : Matched GET route: /
[2025-05-15 17:40:16] DEBUG    app         : route: {'template': 'index.html', 'context': {}, 'status': '200 OK', 'headers': [('Content-Type', 'text/html; charset=utf-8')]}
[2025-05-15 17:40:16] INFO     wsgi        : Response: 200 OK
[2025-05-15 17:40:16] INFO     wsgi        : Request completed in 0.004261s
[2025-05-15 17:40:16] INFO     wsgi        : Request: GET /css/style.css from 127.0.0.1
[2025-05-15 17:40:16] INFO     wsgi        : Response: 200 OK
[2025-05-15 17:40:16] INFO     wsgi        : Request completed in 0.057740s
[2025-05-15 17:40:16] INFO     wsgi        : Request: GET /js/app.js from 127.0.0.1
[2025-05-15 17:40:16] INFO     wsgi        : Response: 200 OK
[2025-05-15 17:40:16] INFO     wsgi        : Request completed in 0.000515s
[2025-05-15 17:40:16] INFO     wsgi        : Request: GET /images/menu.png from 127.0.0.1
[2025-05-15 17:40:16] INFO     wsgi        : Response: 200 OK
[2025-05-15 17:40:16] INFO     wsgi        : Request completed in 0.000406s
[2025-05-15 17:40:17] INFO     wsgi        : Request: GET /images/welcome_image.png from 127.0.0.1
[2025-05-15 17:40:17] INFO     wsgi        : Response: 200 OK
[2025-05-15 17:40:17] INFO     wsgi        : Request completed in 0.001791s
[2025-05-15 17:40:18] INFO     wsgi        : Request: GET /new-match from 127.0.0.1
[2025-05-15 17:40:18] INFO     router      : route_request: GET /new-match
[2025-05-15 17:40:18] DEBUG    router      : Matched GET route: /new-match
[2025-05-15 17:40:18] DEBUG    app         : route: {'template': 'new-match.html', 'context': {}, 'status': '200 OK', 'headers': [('Content-Type', 'text/html; charset=utf-8')]}
[2025-05-15 17:40:18] INFO     wsgi        : Response: 200 OK
[2025-05-15 17:40:18] INFO     wsgi        : Request completed in 0.002172s
[2025-05-15 17:40:18] INFO     wsgi        : Request: GET /css/style.css from 127.0.0.1
[2025-05-15 17:40:18] INFO     wsgi        : Response: 200 OK
[2025-05-15 17:40:18] INFO     wsgi        : Request completed in 0.000589s
[2025-05-15 17:40:18] INFO     wsgi        : Request: GET /js/app.js from 127.0.0.1
[2025-05-15 17:40:18] INFO     wsgi        : Request: GET /images/menu.png from 127.0.0.1
[2025-05-15 17:40:18] INFO     wsgi        : Response: 200 OK
[2025-05-15 17:40:18] INFO     wsgi        : Response: 200 OK
[2025-05-15 17:40:18] INFO     wsgi        : Request completed in 0.000602s
[2025-05-15 17:40:18] INFO     wsgi        : Request completed in 0.000905s
[2025-05-15 17:40:19] INFO     wsgi        : Request: GET /images/racket.png from 127.0.0.1
[2025-05-15 17:40:19] INFO     wsgi        : Response: 200 OK
[2025-05-15 17:40:19] INFO     wsgi        : Request completed in 0.001276s
[2025-05-15 17:40:23] INFO     wsgi        : Request: POST /new-match from 127.0.0.1
[2025-05-15 17:40:23] INFO     router      : route_request: POST /new-match
[2025-05-15 17:40:23] DEBUG    router      : Matched POST route: /new-match
[2025-05-15 17:40:23] DEBUG    controller  : new_match_controller: {'playerOne': ['Dmitry'], 'playerTwo': ['Tikhon']}
[2025-05-15 17:40:23] INFO     controller  : New match: Dmitry vs Tikhon
[2025-05-15 17:40:23] DEBUG    service     : Creating new match: Dmitry vs Tikhon
[2025-05-15 17:40:23] DEBUG    repository  : Creating match for players: Dmitry, Tikhon
[2025-05-15 17:40:23] DEBUG    repository  : Match created with ID: 6107c4ff-8a8c-4bac-b169-378727b6579f
[2025-05-15 17:40:23] INFO     service     : New match created with UUID: 6107c4ff-8a8c-4bac-b169-378727b6579f
[2025-05-15 17:40:23] DEBUG    repository  : Getting current match: found
[2025-05-15 17:40:23] DEBUG    app         : route: {'template': 'match-score.html', 'context': {'score': {'sets': [0, 0], 'games': [0, 0], 'points': ['0', '0']}, 'player_one_name': 'Dmitry', 'player_two_name': 'Tikhon'}, 'status': '200 OK', 'headers': [('Content-Type', 'text/html; charset=utf-8')]}
[2025-05-15 17:40:23] INFO     wsgi        : Response: 200 OK
[2025-05-15 17:40:23] INFO     wsgi        : Request completed in 0.005042s
[2025-05-15 17:40:23] INFO     wsgi        : Request: GET /css/style.css from 127.0.0.1
[2025-05-15 17:40:23] INFO     wsgi        : Response: 200 OK
[2025-05-15 17:40:23] INFO     wsgi        : Request completed in 0.000547s
[2025-05-15 17:40:23] INFO     wsgi        : Request: GET /js/app.js from 127.0.0.1
[2025-05-15 17:40:23] INFO     wsgi        : Request: GET /images/menu.png from 127.0.0.1
[2025-05-15 17:40:23] INFO     wsgi        : Response: 200 OK
[2025-05-15 17:40:23] INFO     wsgi        : Response: 200 OK
[2025-05-15 17:40:23] INFO     wsgi        : Request completed in 0.000684s
[2025-05-15 17:40:24] INFO     wsgi        : Request completed in 0.000771s
[2025-05-15 17:40:24] INFO     wsgi        : Request: GET /images/scorekeeper.png from 127.0.0.1
[2025-05-15 17:40:24] INFO     wsgi        : Response: 200 OK
[2025-05-15 17:40:24] INFO     wsgi        : Request completed in 0.001034s
[2025-05-15 17:41:47] INFO     waitress    : Serving on http://127.0.0.1:8080
[2025-05-15 17:41:51] INFO     wsgi        : Request: GET / from 127.0.0.1
[2025-05-15 17:41:51] INFO     router      : route_request: GET /
[2025-05-15 17:41:51] DEBUG    router      : Matched GET route: /
[2025-05-15 17:41:51] DEBUG    app         : route: {'template': 'index.html', 'context': {}, 'status': '200 OK', 'headers': [('Content-Type', 'text/html; charset=utf-8')]}
[2025-05-15 17:41:51] INFO     wsgi        : Response: 200 OK
[2025-05-15 17:41:51] INFO     wsgi        : Request completed in 0.004439s
[2025-05-15 17:41:51] INFO     wsgi        : Request: GET /css/style.css from 127.0.0.1
[2025-05-15 17:41:51] INFO     wsgi        : Response: 200 OK
[2025-05-15 17:41:51] INFO     wsgi        : Request completed in 0.056216s
[2025-05-15 17:41:51] INFO     wsgi        : Request: GET /js/app.js from 127.0.0.1
[2025-05-15 17:41:51] INFO     wsgi        : Response: 200 OK
[2025-05-15 17:41:51] INFO     wsgi        : Request completed in 0.000567s
[2025-05-15 17:41:51] INFO     wsgi        : Request: GET /images/menu.png from 127.0.0.1
[2025-05-15 17:41:51] INFO     wsgi        : Response: 200 OK
[2025-05-15 17:41:51] INFO     wsgi        : Request completed in 0.000498s
[2025-05-15 17:41:51] INFO     wsgi        : Request: GET /images/welcome_image.png from 127.0.0.1
[2025-05-15 17:41:51] INFO     wsgi        : Response: 200 OK
[2025-05-15 17:41:51] INFO     wsgi        : Request completed in 0.001179s
[2025-05-15 17:45:52] INFO     waitress    : Serving on http://127.0.0.1:8080
[2025-05-15 17:45:56] INFO     router      : route_request: GET /
[2025-05-15 17:45:56] DEBUG    router      : Matched GET route: /
[2025-05-15 17:45:56] DEBUG    app         : route: {'template': 'index.html', 'context': {}, 'status': '200 OK', 'headers': [('Content-Type', 'text/html; charset=utf-8')]}
[2025-05-15 17:46:02] INFO     router      : route_request: GET /new-match
[2025-05-15 17:46:02] DEBUG    router      : Matched GET route: /new-match
[2025-05-15 17:46:02] DEBUG    app         : route: {'template': 'new-match.html', 'context': {}, 'status': '200 OK', 'headers': [('Content-Type', 'text/html; charset=utf-8')]}
[2025-05-15 17:46:08] INFO     router      : route_request: POST /new-match
[2025-05-15 17:46:08] DEBUG    router      : Matched POST route: /new-match
[2025-05-15 17:46:08] DEBUG    controller  : new_match_controller: {'playerOne': ['Dmitry'], 'playerTwo': ['Tikhon']}
[2025-05-15 17:46:08] INFO     controller  : New match: Dmitry vs Tikhon
[2025-05-15 17:46:08] DEBUG    service     : Creating new match: Dmitry vs Tikhon
[2025-05-15 17:46:08] DEBUG    repository  : Creating match for players: Dmitry, Tikhon
[2025-05-15 17:46:08] DEBUG    repository  : Match created with ID: cfb1cc93-ade5-452b-8985-a048f4b6f52e
[2025-05-15 17:46:08] INFO     service     : New match created with UUID: cfb1cc93-ade5-452b-8985-a048f4b6f52e
[2025-05-15 17:46:08] DEBUG    repository  : Getting current match: found
[2025-05-15 17:46:08] DEBUG    app         : route: {'template': 'match-score.html', 'context': {'score': {'sets': [0, 0], 'games': [0, 0], 'points': ['0', '0']}, 'player_one_name': 'Dmitry', 'player_two_name': 'Tikhon'}, 'status': '200 OK', 'headers': [('Content-Type', 'text/html; charset=utf-8')]}
[2025-05-15 18:31:28] INFO     waitress    : Serving on http://127.0.0.1:8080
[2025-05-15 18:31:32] INFO     router      : route_request: GET /
[2025-05-15 18:31:32] DEBUG    router      : Matched route: GET /
[2025-05-15 18:31:32] DEBUG    controller.template: Rendering template: index.html
[2025-05-15 18:31:32] DEBUG    app         : route: {'template': 'index.html', 'context': {}, 'status': '200 OK', 'headers': [('Content-Type', 'text/html; charset=utf-8')]}
[2025-05-15 18:31:49] INFO     router      : route_request: GET /new-match
[2025-05-15 18:31:49] DEBUG    router      : Matched route: GET /new-match
[2025-05-15 18:31:49] DEBUG    controller.template: Rendering template: new-match.html
[2025-05-15 18:31:49] DEBUG    app         : route: {'template': 'new-match.html', 'context': {}, 'status': '200 OK', 'headers': [('Content-Type', 'text/html; charset=utf-8')]}
[2025-05-15 18:31:58] INFO     router      : route_request: POST /new-match
[2025-05-15 18:31:58] DEBUG    router      : Matched route: POST /new-match
[2025-05-15 18:31:58] DEBUG    controller  : new_match_controller: {'playerOne': ['Dmitry'], 'playerTwo': ['Tikhon']}
[2025-05-15 18:31:58] INFO     controller  : New match: Dmitry vs Tikhon
[2025-05-15 18:31:58] DEBUG    service     : Creating new match: Dmitry vs Tikhon
[2025-05-15 18:31:58] DEBUG    repository  : Creating match for players: Dmitry, Tikhon
[2025-05-15 18:31:58] DEBUG    repository  : Match created with ID: f0b098ea-2127-42bf-a5d7-27fbc36ebd1a
[2025-05-15 18:31:58] INFO     service     : New match created with UUID: f0b098ea-2127-42bf-a5d7-27fbc36ebd1a
[2025-05-15 18:31:58] DEBUG    repository  : Getting current match: found
[2025-05-15 18:31:58] DEBUG    app         : route: {'template': 'match-score.html', 'context': {'score': {'sets': [0, 0], 'games': [0, 0], 'points': ['0', '0']}, 'player_one_name': 'Dmitry', 'player_two_name': 'Tikhon'}, 'status': '200 OK', 'headers': [('Content-Type', 'text/html; charset=utf-8')]}
[2025-05-15 18:34:01] INFO     router      : route_request: POST /match-score
[2025-05-15 18:34:01] DEBUG    router      : Matched route: POST /match-score
[2025-05-15 18:34:01] DEBUG    controller  : match_score_controller: {'player': ['player1']}
[2025-05-15 18:34:01] DEBUG    repository  : Getting current match: found
[2025-05-15 18:34:01] DEBUG    repository  : Updating score for player: player1
[2025-05-15 18:34:01] DEBUG    repository  : Score updated successfully
[2025-05-15 18:34:01] DEBUG    repository  : Getting current match: found
[2025-05-15 18:34:01] DEBUG    app         : route: {'template': 'match-score.html', 'context': {'score': {'sets': [0, 0], 'games': [0, 0], 'points': ['15', '0']}, 'player_one_name': 'Dmitry', 'player_two_name': 'Tikhon'}, 'status': '200 OK', 'headers': [('Content-Type', 'text/html; charset=utf-8')]}
[2025-05-15 18:35:06] INFO     router      : route_request: POST /match-score
[2025-05-15 18:35:06] DEBUG    router      : Matched route: POST /match-score
[2025-05-15 18:35:06] DEBUG    controller  : match_score_controller: {'player': ['player2']}
[2025-05-15 18:35:06] DEBUG    repository  : Getting current match: found
[2025-05-15 18:35:06] DEBUG    repository  : Updating score for player: player2
[2025-05-15 18:35:06] DEBUG    repository  : Score updated successfully
[2025-05-15 18:35:06] DEBUG    repository  : Getting current match: found
[2025-05-15 18:35:06] DEBUG    app         : route: {'template': 'match-score.html', 'context': {'score': {'sets': [0, 0], 'games': [0, 0], 'points': ['15', '15']}, 'player_one_name': 'Dmitry', 'player_two_name': 'Tikhon'}, 'status': '200 OK', 'headers': [('Content-Type', 'text/html; charset=utf-8')]}
[2025-05-15 18:35:10] INFO     router      : route_request: POST /match-score
[2025-05-15 18:35:10] DEBUG    router      : Matched route: POST /match-score
[2025-05-15 18:35:10] DEBUG    controller  : match_score_controller: {'player': ['player2']}
[2025-05-15 18:35:10] DEBUG    repository  : Getting current match: found
[2025-05-15 18:35:10] DEBUG    repository  : Updating score for player: player2
[2025-05-15 18:35:10] DEBUG    repository  : Score updated successfully
[2025-05-15 18:35:10] DEBUG    repository  : Getting current match: found
[2025-05-15 18:35:10] DEBUG    app         : route: {'template': 'match-score.html', 'context': {'score': {'sets': [0, 0], 'games': [0, 0], 'points': ['15', '30']}, 'player_one_name': 'Dmitry', 'player_two_name': 'Tikhon'}, 'status': '200 OK', 'headers': [('Content-Type', 'text/html; charset=utf-8')]}
[2025-05-15 18:35:11] INFO     router      : route_request: POST /match-score
[2025-05-15 18:35:11] DEBUG    router      : Matched route: POST /match-score
[2025-05-15 18:35:11] DEBUG    controller  : match_score_controller: {'player': ['player2']}
[2025-05-15 18:35:11] DEBUG    repository  : Getting current match: found
[2025-05-15 18:35:11] DEBUG    repository  : Updating score for player: player2
[2025-05-15 18:35:11] DEBUG    repository  : Score updated successfully
[2025-05-15 18:35:11] DEBUG    repository  : Getting current match: found
[2025-05-15 18:35:11] DEBUG    app         : route: {'template': 'match-score.html', 'context': {'score': {'sets': [0, 0], 'games': [0, 0], 'points': ['15', '40']}, 'player_one_name': 'Dmitry', 'player_two_name': 'Tikhon'}, 'status': '200 OK', 'headers': [('Content-Type', 'text/html; charset=utf-8')]}
[2025-05-15 18:35:12] INFO     router      : route_request: POST /match-score
[2025-05-15 18:35:12] DEBUG    router      : Matched route: POST /match-score
[2025-05-15 18:35:12] DEBUG    controller  : match_score_controller: {'player': ['player2']}
[2025-05-15 18:35:12] DEBUG    repository  : Getting current match: found
[2025-05-15 18:35:12] DEBUG    repository  : Updating score for player: player2
[2025-05-15 18:35:12] DEBUG    repository  : Score updated successfully
[2025-05-15 18:35:12] DEBUG    repository  : Getting current match: found
[2025-05-15 18:35:12] DEBUG    app         : route: {'template': 'match-score.html', 'context': {'score': {'sets': [0, 0], 'games': [0, 1], 'points': ['0', '0']}, 'player_one_name': 'Dmitry', 'player_two_name': 'Tikhon'}, 'status': '200 OK', 'headers': [('Content-Type', 'text/html; charset=utf-8')]}
[2025-05-15 18:35:13] INFO     router      : route_request: POST /match-score
[2025-05-15 18:35:13] DEBUG    router      : Matched route: POST /match-score
[2025-05-15 18:35:13] DEBUG    controller  : match_score_controller: {'player': ['player2']}
[2025-05-15 18:35:13] DEBUG    repository  : Getting current match: found
[2025-05-15 18:35:13] DEBUG    repository  : Updating score for player: player2
[2025-05-15 18:35:13] DEBUG    repository  : Score updated successfully
[2025-05-15 18:35:13] DEBUG    repository  : Getting current match: found
[2025-05-15 18:35:13] DEBUG    app         : route: {'template': 'match-score.html', 'context': {'score': {'sets': [0, 0], 'games': [0, 1], 'points': ['0', '15']}, 'player_one_name': 'Dmitry', 'player_two_name': 'Tikhon'}, 'status': '200 OK', 'headers': [('Content-Type', 'text/html; charset=utf-8')]}
[2025-05-15 18:35:14] INFO     router      : route_request: POST /match-score
[2025-05-15 18:35:14] DEBUG    router      : Matched route: POST /match-score
[2025-05-15 18:35:14] DEBUG    controller  : match_score_controller: {'player': ['player2']}
[2025-05-15 18:35:14] DEBUG    repository  : Getting current match: found
[2025-05-15 18:35:14] DEBUG    repository  : Updating score for player: player2
[2025-05-15 18:35:14] DEBUG    repository  : Score updated successfully
[2025-05-15 18:35:14] DEBUG    repository  : Getting current match: found
[2025-05-15 18:35:14] DEBUG    app         : route: {'template': 'match-score.html', 'context': {'score': {'sets': [0, 0], 'games': [0, 1], 'points': ['0', '30']}, 'player_one_name': 'Dmitry', 'player_two_name': 'Tikhon'}, 'status': '200 OK', 'headers': [('Content-Type', 'text/html; charset=utf-8')]}
[2025-05-15 18:35:16] INFO     router      : route_request: POST /match-score
[2025-05-15 18:35:16] DEBUG    router      : Matched route: POST /match-score
[2025-05-15 18:35:16] DEBUG    controller  : match_score_controller: {'player': ['player1']}
[2025-05-15 18:35:16] DEBUG    repository  : Getting current match: found
[2025-05-15 18:35:16] DEBUG    repository  : Updating score for player: player1
[2025-05-15 18:35:16] DEBUG    repository  : Score updated successfully
[2025-05-15 18:35:16] DEBUG    repository  : Getting current match: found
[2025-05-15 18:35:16] DEBUG    app         : route: {'template': 'match-score.html', 'context': {'score': {'sets': [0, 0], 'games': [0, 1], 'points': ['15', '30']}, 'player_one_name': 'Dmitry', 'player_two_name': 'Tikhon'}, 'status': '200 OK', 'headers': [('Content-Type', 'text/html; charset=utf-8')]}
[2025-05-15 18:35:16] INFO     router      : route_request: POST /match-score
[2025-05-15 18:35:16] DEBUG    router      : Matched route: POST /match-score
[2025-05-15 18:35:16] DEBUG    controller  : match_score_controller: {'player': ['player1']}
[2025-05-15 18:35:16] DEBUG    repository  : Getting current match: found
[2025-05-15 18:35:16] DEBUG    repository  : Updating score for player: player1
[2025-05-15 18:35:16] DEBUG    repository  : Score updated successfully
[2025-05-15 18:35:16] DEBUG    repository  : Getting current match: found
[2025-05-15 18:35:16] DEBUG    app         : route: {'template': 'match-score.html', 'context': {'score': {'sets': [0, 0], 'games': [0, 1], 'points': ['30', '30']}, 'player_one_name': 'Dmitry', 'player_two_name': 'Tikhon'}, 'status': '200 OK', 'headers': [('Content-Type', 'text/html; charset=utf-8')]}
[2025-05-15 18:35:17] INFO     router      : route_request: POST /match-score
[2025-05-15 18:35:17] DEBUG    router      : Matched route: POST /match-score
[2025-05-15 18:35:17] DEBUG    controller  : match_score_controller: {'player': ['player1']}
[2025-05-15 18:35:17] DEBUG    repository  : Getting current match: found
[2025-05-15 18:35:17] DEBUG    repository  : Updating score for player: player1
[2025-05-15 18:35:17] DEBUG    repository  : Score updated successfully
[2025-05-15 18:35:17] DEBUG    repository  : Getting current match: found
[2025-05-15 18:35:17] DEBUG    app         : route: {'template': 'match-score.html', 'context': {'score': {'sets': [0, 0], 'games': [0, 1], 'points': ['40', '30']}, 'player_one_name': 'Dmitry', 'player_two_name': 'Tikhon'}, 'status': '200 OK', 'headers': [('Content-Type', 'text/html; charset=utf-8')]}
[2025-05-15 18:35:18] INFO     router      : route_request: POST /match-score
[2025-05-15 18:35:18] DEBUG    router      : Matched route: POST /match-score
[2025-05-15 18:35:18] DEBUG    controller  : match_score_controller: {'player': ['player1']}
[2025-05-15 18:35:18] DEBUG    repository  : Getting current match: found
[2025-05-15 18:35:18] DEBUG    repository  : Updating score for player: player1
[2025-05-15 18:35:18] DEBUG    repository  : Score updated successfully
[2025-05-15 18:35:18] DEBUG    repository  : Getting current match: found
[2025-05-15 18:35:18] DEBUG    app         : route: {'template': 'match-score.html', 'context': {'score': {'sets': [0, 0], 'games': [1, 1], 'points': ['0', '0']}, 'player_one_name': 'Dmitry', 'player_two_name': 'Tikhon'}, 'status': '200 OK', 'headers': [('Content-Type', 'text/html; charset=utf-8')]}
[2025-05-15 18:35:19] INFO     router      : route_request: POST /match-score
[2025-05-15 18:35:19] DEBUG    router      : Matched route: POST /match-score
[2025-05-15 18:35:19] DEBUG    controller  : match_score_controller: {'player': ['player1']}
[2025-05-15 18:35:19] DEBUG    repository  : Getting current match: found
[2025-05-15 18:35:19] DEBUG    repository  : Updating score for player: player1
[2025-05-15 18:35:19] DEBUG    repository  : Score updated successfully
[2025-05-15 18:35:19] DEBUG    repository  : Getting current match: found
[2025-05-15 18:35:19] DEBUG    app         : route: {'template': 'match-score.html', 'context': {'score': {'sets': [0, 0], 'games': [1, 1], 'points': ['15', '0']}, 'player_one_name': 'Dmitry', 'player_two_name': 'Tikhon'}, 'status': '200 OK', 'headers': [('Content-Type', 'text/html; charset=utf-8')]}
[2025-05-15 18:45:48] INFO     waitress    : Serving on http://127.0.0.1:8080
[2025-05-15 18:45:51] INFO     router      : route_request: GET /
[2025-05-15 18:45:51] DEBUG    router      : Matched route: GET /
[2025-05-15 18:45:51] DEBUG    controller.template: Rendering template: index.html
[2025-05-15 18:45:51] DEBUG    app         : route: {'template': 'index.html', 'context': {}, 'status': '200 OK', 'headers': [('Content-Type', 'text/html; charset=utf-8')]}
[2025-05-15 18:45:53] INFO     router      : route_request: GET /new-match
[2025-05-15 18:45:53] DEBUG    router      : Matched route: GET /new-match
[2025-05-15 18:45:53] DEBUG    controller.template: Rendering template: new-match.html
[2025-05-15 18:45:53] DEBUG    app         : route: {'template': 'new-match.html', 'context': {}, 'status': '200 OK', 'headers': [('Content-Type', 'text/html; charset=utf-8')]}
[2025-05-15 18:45:59] INFO     router      : route_request: POST /new-match
[2025-05-15 18:45:59] DEBUG    router      : Matched route: POST /new-match
[2025-05-15 18:45:59] DEBUG    controller  : new_match_controller: {'playerOne': ['Dmitry'], 'playerTwo': ['Tikhon']}
[2025-05-15 18:45:59] INFO     controller  : New match: Dmitry vs Tikhon
[2025-05-15 18:45:59] DEBUG    service     : Creating new match: Dmitry vs Tikhon
[2025-05-15 18:45:59] DEBUG    repository  : Creating match for players: Dmitry, Tikhon
[2025-05-15 18:45:59] DEBUG    repository  : Match created with ID: 49bc0c32-2389-49a4-8fa5-090ee5cad3c7
[2025-05-15 18:45:59] INFO     service     : New match created with UUID: 49bc0c32-2389-49a4-8fa5-090ee5cad3c7
[2025-05-15 18:45:59] DEBUG    repository  : Getting current match: found
[2025-05-15 18:45:59] DEBUG    app         : route: {'template': 'match-score.html', 'context': {'score': {'sets': [0, 0], 'games': [0, 0], 'points': ['0', '0']}, 'player_one_name': 'Dmitry', 'player_two_name': 'Tikhon'}, 'status': '200 OK', 'headers': [('Content-Type', 'text/html; charset=utf-8')]}
[2025-05-15 18:46:06] INFO     router      : route_request: POST /match-score
[2025-05-15 18:46:06] DEBUG    router      : Matched route: POST /match-score
[2025-05-15 18:46:06] DEBUG    controller  : match_score_controller: {'player': ['player1']}
[2025-05-15 18:46:06] DEBUG    repository  : Getting current match: found
[2025-05-15 18:46:06] DEBUG    repository  : Getting current match: found
[2025-05-15 18:46:06] DEBUG    repository  : Getting current match: found
[2025-05-15 18:46:06] DEBUG    app         : route: {'template': 'match-score.html', 'context': {'score': {'sets': [0, 0], 'games': [0, 0], 'points': ['15', '0']}, 'player_one_name': 'Dmitry', 'player_two_name': 'Tikhon'}, 'status': '200 OK', 'headers': [('Content-Type', 'text/html; charset=utf-8')]}
[2025-05-15 19:51:31] INFO     waitress    : Serving on http://127.0.0.1:8080
[2025-05-15 19:51:37] INFO     router      : route_request: GET /
[2025-05-15 19:51:37] DEBUG    router      : Matched route: GET /
[2025-05-15 19:51:37] DEBUG    controller.template: Rendering template: index.html
[2025-05-15 19:51:37] DEBUG    app         : route: {'template': 'index.html', 'context': {}, 'status': '200 OK', 'headers': [('Content-Type', 'text/html; charset=utf-8')]}
[2025-05-15 19:51:41] INFO     router      : route_request: GET /new-match
[2025-05-15 19:51:41] DEBUG    router      : Matched route: GET /new-match
[2025-05-15 19:51:41] DEBUG    controller.template: Rendering template: new-match.html
[2025-05-15 19:51:41] DEBUG    app         : route: {'template': 'new-match.html', 'context': {}, 'status': '200 OK', 'headers': [('Content-Type', 'text/html; charset=utf-8')]}
[2025-05-15 19:51:51] INFO     router      : route_request: POST /new-match
[2025-05-15 19:51:51] DEBUG    router      : Matched route: POST /new-match
[2025-05-15 19:51:51] DEBUG    controller  : new_match_controller: {'playerOne': ['Dmitry'], 'playerTwo': ['Tikhon']}
[2025-05-15 19:51:51] INFO     controller  : New match: Dmitry vs Tikhon
[2025-05-15 19:51:51] DEBUG    service     : Creating new match: Dmitry vs Tikhon
[2025-05-15 19:51:51] DEBUG    repository  : Creating match for players: Dmitry, Tikhon
[2025-05-15 19:51:51] DEBUG    repository  : Match created with ID: 6039851a-02f2-443e-979e-05303a4b2503
[2025-05-15 19:51:51] INFO     service     : New match created with UUID: 6039851a-02f2-443e-979e-05303a4b2503
[2025-05-15 19:51:51] DEBUG    repository  : Getting current match: found
[2025-05-15 19:51:51] DEBUG    app         : route: {'template': 'match-score.html', 'context': {'score': {'sets': [0, 0], 'games': [0, 0], 'points': ['0', '0']}, 'player_one_name': 'Dmitry', 'player_two_name': 'Tikhon'}, 'status': '200 OK', 'headers': [('Content-Type', 'text/html; charset=utf-8')]}
[2025-05-15 19:54:35] INFO     router      : route_request: POST /match-score
[2025-05-15 19:54:35] DEBUG    router      : Matched route: POST /match-score
[2025-05-15 19:54:35] DEBUG    controller  : match_score_controller: {'player': ['player1']}
[2025-05-15 19:54:35] DEBUG    repository  : Getting current match: found
[2025-05-15 19:54:35] DEBUG    repository  : Getting current match: found
[2025-05-15 19:54:35] DEBUG    repository  : Getting current match: found
[2025-05-15 19:54:35] DEBUG    app         : route: {'template': 'match-score.html', 'context': {'score': {'sets': [0, 0], 'games': [0, 0], 'points': ['15', '0']}, 'player_one_name': 'Dmitry', 'player_two_name': 'Tikhon'}, 'status': '200 OK', 'headers': [('Content-Type', 'text/html; charset=utf-8')]}
[2025-05-15 20:13:26] INFO     waitress    : Serving on http://127.0.0.1:8080
[2025-05-15 20:13:31] INFO     router      : route_request: GET /
[2025-05-15 20:13:31] DEBUG    router      : Matched route: GET /
[2025-05-15 20:13:31] DEBUG    controller.template: Rendering template: index.html
[2025-05-15 20:13:31] DEBUG    app         : route: {'template': 'index.html', 'context': {}, 'status': '200 OK', 'headers': [('Content-Type', 'text/html; charset=utf-8')]}
[2025-05-15 20:13:33] INFO     router      : route_request: GET /new-match
[2025-05-15 20:13:33] DEBUG    router      : Matched route: GET /new-match
[2025-05-15 20:13:33] DEBUG    controller.template: Rendering template: new-match.html
[2025-05-15 20:13:33] DEBUG    app         : route: {'template': 'new-match.html', 'context': {}, 'status': '200 OK', 'headers': [('Content-Type', 'text/html; charset=utf-8')]}
[2025-05-15 20:13:37] INFO     router      : route_request: POST /new-match
[2025-05-15 20:13:37] DEBUG    router      : Matched route: POST /new-match
[2025-05-15 20:13:37] DEBUG    controller  : new_match_controller: {'playerOne': ['Dmitry'], 'playerTwo': ['Tikhon']}
[2025-05-15 20:13:37] INFO     controller  : New match: Dmitry vs Tikhon
[2025-05-15 20:13:37] DEBUG    service     : Creating new match: Dmitry vs Tikhon
[2025-05-15 20:13:37] DEBUG    repository  : Creating match for players: Dmitry, Tikhon
[2025-05-15 20:13:37] DEBUG    repository  : Match created with ID: 0d959bff-4074-44b3-aed4-1fd1dddf2618
[2025-05-15 20:13:37] INFO     service     : New match created with UUID: 0d959bff-4074-44b3-aed4-1fd1dddf2618
[2025-05-15 20:13:37] DEBUG    service     : Preparing match view data
[2025-05-15 20:13:37] DEBUG    repository  : Getting current match: found
[2025-05-15 20:13:37] DEBUG    service     : Display names: Dmitry vs Tikhon
[2025-05-15 20:13:37] DEBUG    service     : Parsed score data: {'sets': [0, 0], 'games': [0, 0], 'points': ['0', '0']}
[2025-05-15 20:13:37] DEBUG    app         : route: {'template': 'match-score.html', 'context': {'score': {'sets': [0, 0], 'games': [0, 0], 'points': ['0', '0']}, 'player_one_name': 'Dmitry', 'player_two_name': 'Tikhon'}, 'status': '200 OK', 'headers': [('Content-Type', 'text/html; charset=utf-8')]}
[2025-05-15 20:13:53] INFO     router      : route_request: POST /match-score
[2025-05-15 20:13:53] DEBUG    router      : Matched route: POST /match-score
[2025-05-15 20:13:53] DEBUG    controller  : match_score_controller: {'player': ['player1']}
[2025-05-15 20:13:53] DEBUG    repository  : Getting current match: found
[2025-05-15 20:13:53] DEBUG    repository  : Getting current match: found
[2025-05-15 20:13:53] DEBUG    service     : Updating regular score: player player1 has 0 points, opponent has 0 points
[2025-05-15 20:13:53] DEBUG    service     : Player player1 scores: 0 -> 15
[2025-05-15 20:13:53] DEBUG    service     : Preparing match view data
[2025-05-15 20:13:53] DEBUG    repository  : Getting current match: found
[2025-05-15 20:13:53] DEBUG    service     : Display names: Dmitry vs Tikhon
[2025-05-15 20:13:53] DEBUG    service     : Parsed score data: {'sets': [0, 0], 'games': [0, 0], 'points': ['15', '0']}
[2025-05-15 20:13:53] DEBUG    app         : route: {'template': 'match-score.html', 'context': {'score': {'sets': [0, 0], 'games': [0, 0], 'points': ['15', '0']}, 'player_one_name': 'Dmitry', 'player_two_name': 'Tikhon'}, 'status': '200 OK', 'headers': [('Content-Type', 'text/html; charset=utf-8')]}
[2025-05-15 20:14:04] INFO     router      : route_request: POST /match-score
[2025-05-15 20:14:04] DEBUG    router      : Matched route: POST /match-score
[2025-05-15 20:14:04] DEBUG    controller  : match_score_controller: {'player': ['player1']}
[2025-05-15 20:14:04] DEBUG    repository  : Getting current match: found
[2025-05-15 20:14:04] DEBUG    repository  : Getting current match: found
[2025-05-15 20:14:04] DEBUG    service     : Updating regular score: player player1 has 15 points, opponent has 0 points
[2025-05-15 20:14:04] DEBUG    service     : Player player1 scores: 15 -> 30
[2025-05-15 20:14:04] DEBUG    service     : Preparing match view data
[2025-05-15 20:14:04] DEBUG    repository  : Getting current match: found
[2025-05-15 20:14:04] DEBUG    service     : Display names: Dmitry vs Tikhon
[2025-05-15 20:14:04] DEBUG    service     : Parsed score data: {'sets': [0, 0], 'games': [0, 0], 'points': ['30', '0']}
[2025-05-15 20:14:04] DEBUG    app         : route: {'template': 'match-score.html', 'context': {'score': {'sets': [0, 0], 'games': [0, 0], 'points': ['30', '0']}, 'player_one_name': 'Dmitry', 'player_two_name': 'Tikhon'}, 'status': '200 OK', 'headers': [('Content-Type', 'text/html; charset=utf-8')]}
[2025-05-15 20:14:18] INFO     router      : route_request: POST /match-score
[2025-05-15 20:14:18] DEBUG    router      : Matched route: POST /match-score
[2025-05-15 20:14:18] DEBUG    controller  : match_score_controller: {'player': ['player2']}
[2025-05-15 20:14:18] DEBUG    repository  : Getting current match: found
[2025-05-15 20:14:18] DEBUG    repository  : Getting current match: found
[2025-05-15 20:14:18] DEBUG    service     : Updating regular score: player player2 has 0 points, opponent has 30 points
[2025-05-15 20:14:18] DEBUG    service     : Player player2 scores: 0 -> 15
[2025-05-15 20:14:18] DEBUG    service     : Preparing match view data
[2025-05-15 20:14:18] DEBUG    repository  : Getting current match: found
[2025-05-15 20:14:18] DEBUG    service     : Display names: Dmitry vs Tikhon
[2025-05-15 20:14:18] DEBUG    service     : Parsed score data: {'sets': [0, 0], 'games': [0, 0], 'points': ['30', '15']}
[2025-05-15 20:14:18] DEBUG    app         : route: {'template': 'match-score.html', 'context': {'score': {'sets': [0, 0], 'games': [0, 0], 'points': ['30', '15']}, 'player_one_name': 'Dmitry', 'player_two_name': 'Tikhon'}, 'status': '200 OK', 'headers': [('Content-Type', 'text/html; charset=utf-8')]}
[2025-05-15 20:31:42] INFO     router      : route_request: POST /match-score
[2025-05-15 20:31:42] DEBUG    router      : Matched route: POST /match-score
[2025-05-15 20:31:42] DEBUG    controller  : match_score_controller: {'player': ['player2']}
[2025-05-15 20:31:42] DEBUG    repository  : Getting current match: found
[2025-05-15 20:31:42] DEBUG    repository  : Getting current match: found
[2025-05-15 20:31:42] DEBUG    service     : Updating regular score: player player2 has 15 points, opponent has 30 points
[2025-05-15 20:31:42] DEBUG    service     : Player player2 scores: 15 -> 30
[2025-05-15 20:31:42] DEBUG    service     : Preparing match view data
[2025-05-15 20:31:42] DEBUG    repository  : Getting current match: found
[2025-05-15 20:31:42] DEBUG    service     : Display names: Dmitry vs Tikhon
[2025-05-15 20:31:42] DEBUG    service     : Parsed score data: {'sets': [0, 0], 'games': [0, 0], 'points': ['30', '30']}
[2025-05-15 20:31:42] DEBUG    app         : route: {'template': 'match-score.html', 'context': {'score': {'sets': [0, 0], 'games': [0, 0], 'points': ['30', '30']}, 'player_one_name': 'Dmitry', 'player_two_name': 'Tikhon'}, 'status': '200 OK', 'headers': [('Content-Type', 'text/html; charset=utf-8')]}
[2025-05-15 20:31:43] INFO     router      : route_request: POST /match-score
[2025-05-15 20:31:43] DEBUG    router      : Matched route: POST /match-score
[2025-05-15 20:31:43] DEBUG    controller  : match_score_controller: {'player': ['player2']}
[2025-05-15 20:31:43] DEBUG    repository  : Getting current match: found
[2025-05-15 20:31:43] DEBUG    repository  : Getting current match: found
[2025-05-15 20:31:43] DEBUG    service     : Updating regular score: player player2 has 30 points, opponent has 30 points
[2025-05-15 20:31:43] DEBUG    service     : Player player2 scores: 30 -> 40
[2025-05-15 20:31:43] DEBUG    service     : Preparing match view data
[2025-05-15 20:31:43] DEBUG    repository  : Getting current match: found
[2025-05-15 20:31:43] DEBUG    service     : Display names: Dmitry vs Tikhon
[2025-05-15 20:31:43] DEBUG    service     : Parsed score data: {'sets': [0, 0], 'games': [0, 0], 'points': ['30', '40']}
[2025-05-15 20:31:43] DEBUG    app         : route: {'template': 'match-score.html', 'context': {'score': {'sets': [0, 0], 'games': [0, 0], 'points': ['30', '40']}, 'player_one_name': 'Dmitry', 'player_two_name': 'Tikhon'}, 'status': '200 OK', 'headers': [('Content-Type', 'text/html; charset=utf-8')]}
[2025-05-15 20:58:19] INFO     waitress    : Serving on http://127.0.0.1:8080
[2025-05-15 20:58:25] INFO     router      : route_request: GET /
[2025-05-15 20:58:25] DEBUG    router      : Matched route: GET /
[2025-05-15 20:58:25] DEBUG    controller.template: Rendering template: index.html
[2025-05-15 20:58:25] DEBUG    app         : route: {'template': 'index.html', 'context': {}, 'status': '200 OK', 'headers': [('Content-Type', 'text/html; charset=utf-8')]}
[2025-05-15 20:58:27] INFO     router      : route_request: GET /new-match
[2025-05-15 20:58:27] DEBUG    router      : Matched route: GET /new-match
[2025-05-15 20:58:27] DEBUG    controller.template: Rendering template: new-match.html
[2025-05-15 20:58:27] DEBUG    app         : route: {'template': 'new-match.html', 'context': {}, 'status': '200 OK', 'headers': [('Content-Type', 'text/html; charset=utf-8')]}
[2025-05-15 20:58:31] INFO     router      : route_request: POST /new-match
[2025-05-15 20:58:31] DEBUG    router      : Matched route: POST /new-match
[2025-05-15 20:58:31] DEBUG    controller  : new_match_controller: {'playerOne': ['Dmitry'], 'playerTwo': ['Tikhon']}
[2025-05-15 20:58:31] INFO     controller  : New match: Dmitry vs Tikhon
[2025-05-15 20:58:31] DEBUG    service     : Creating new match: Dmitry vs Tikhon
[2025-05-15 20:58:31] DEBUG    repository  : Creating match for players: Dmitry, Tikhon
[2025-05-15 20:58:31] DEBUG    repository  : Match created with ID: 58259d00-8ee7-4337-9236-2076141eefad
[2025-05-15 20:58:31] INFO     service     : New match created with UUID: 58259d00-8ee7-4337-9236-2076141eefad
[2025-05-15 20:58:31] DEBUG    service     : Preparing match view data
[2025-05-15 20:58:31] DEBUG    repository  : Getting current match: found
[2025-05-15 20:58:31] DEBUG    service     : Display names: Dmitry vs Tikhon
[2025-05-15 20:58:31] DEBUG    service     : Parsed score data: {'sets': [0, 0], 'games': [0, 0], 'points': ['0', '0']}
[2025-05-15 20:58:31] DEBUG    app         : route: {'template': 'match-score.html', 'context': {'score': {'sets': [0, 0], 'games': [0, 0], 'points': ['0', '0']}, 'player_one_name': 'Dmitry', 'player_two_name': 'Tikhon'}, 'status': '200 OK', 'headers': [('Content-Type', 'text/html; charset=utf-8')]}
[2025-05-15 20:58:32] INFO     router      : route_request: POST /match-score
[2025-05-15 20:58:32] DEBUG    router      : Matched route: POST /match-score
[2025-05-15 20:58:32] DEBUG    controller  : match_score_controller: {'player': ['player1']}
[2025-05-15 20:58:32] DEBUG    repository  : Getting current match: found
[2025-05-15 20:58:32] DEBUG    repository  : Getting current match: found
[2025-05-15 20:58:32] DEBUG    service     : Updating regular score: player player1 has 0 points, opponent has 0 points
[2025-05-15 20:58:32] DEBUG    service     : Player player1 scores: 0 -> 15
[2025-05-15 20:58:32] DEBUG    service     : Preparing match view data
[2025-05-15 20:58:32] DEBUG    repository  : Getting current match: found
[2025-05-15 20:58:32] DEBUG    service     : Display names: Dmitry vs Tikhon
[2025-05-15 20:58:32] DEBUG    service     : Parsed score data: {'sets': [0, 0], 'games': [0, 0], 'points': ['15', '0']}
[2025-05-15 20:58:32] DEBUG    app         : route: {'template': 'match-score.html', 'context': {'score': {'sets': [0, 0], 'games': [0, 0], 'points': ['15', '0']}, 'player_one_name': 'Dmitry', 'player_two_name': 'Tikhon'}, 'status': '200 OK', 'headers': [('Content-Type', 'text/html; charset=utf-8')]}
[2025-05-15 20:58:33] INFO     router      : route_request: POST /match-score
[2025-05-15 20:58:33] DEBUG    router      : Matched route: POST /match-score
[2025-05-15 20:58:33] DEBUG    controller  : match_score_controller: {'player': ['player1']}
[2025-05-15 20:58:33] DEBUG    repository  : Getting current match: found
[2025-05-15 20:58:33] DEBUG    repository  : Getting current match: found
[2025-05-15 20:58:33] DEBUG    service     : Updating regular score: player player1 has 15 points, opponent has 0 points
[2025-05-15 20:58:33] DEBUG    service     : Player player1 scores: 15 -> 30
[2025-05-15 20:58:33] DEBUG    service     : Preparing match view data
[2025-05-15 20:58:33] DEBUG    repository  : Getting current match: found
[2025-05-15 20:58:33] DEBUG    service     : Display names: Dmitry vs Tikhon
[2025-05-15 20:58:33] DEBUG    service     : Parsed score data: {'sets': [0, 0], 'games': [0, 0], 'points': ['30', '0']}
[2025-05-15 20:58:33] DEBUG    app         : route: {'template': 'match-score.html', 'context': {'score': {'sets': [0, 0], 'games': [0, 0], 'points': ['30', '0']}, 'player_one_name': 'Dmitry', 'player_two_name': 'Tikhon'}, 'status': '200 OK', 'headers': [('Content-Type', 'text/html; charset=utf-8')]}
[2025-05-15 20:59:49] INFO     waitress    : Serving on http://127.0.0.1:8080
[2025-05-15 20:59:52] INFO     router      : route_request: GET /
[2025-05-15 20:59:52] DEBUG    router      : Matched route: GET /
[2025-05-15 20:59:52] DEBUG    controller.template: Rendering template: index.html
[2025-05-15 20:59:52] DEBUG    app         : route: {'template': 'index.html', 'context': {}, 'status': '200 OK', 'headers': [('Content-Type', 'text/html; charset=utf-8')]}
[2025-05-15 20:59:54] INFO     router      : route_request: GET /new-match
[2025-05-15 20:59:54] DEBUG    router      : Matched route: GET /new-match
[2025-05-15 20:59:54] DEBUG    controller.template: Rendering template: new-match.html
[2025-05-15 20:59:54] DEBUG    app         : route: {'template': 'new-match.html', 'context': {}, 'status': '200 OK', 'headers': [('Content-Type', 'text/html; charset=utf-8')]}
[2025-05-15 20:59:58] INFO     router      : route_request: POST /new-match
[2025-05-15 20:59:58] DEBUG    router      : Matched route: POST /new-match
[2025-05-15 20:59:58] DEBUG    controller  : new_match_controller: {'playerOne': ['Dmitry'], 'playerTwo': ['Tikhon']}
[2025-05-15 20:59:58] INFO     controller  : New match: Dmitry vs Tikhon
[2025-05-15 20:59:58] DEBUG    service     : Creating new match: Dmitry vs Tikhon
[2025-05-15 20:59:58] DEBUG    repository  : Creating match for players: Dmitry, Tikhon
[2025-05-15 20:59:58] DEBUG    repository  : Match created with ID: 36194fdc-1ece-401c-843d-a2c91cdd56fb
[2025-05-15 20:59:58] INFO     service     : New match created with UUID: 36194fdc-1ece-401c-843d-a2c91cdd56fb
[2025-05-15 20:59:58] DEBUG    service     : Preparing match view data
[2025-05-15 20:59:58] DEBUG    repository  : Getting current match: found
[2025-05-15 20:59:58] DEBUG    service     : Display names: Dmitry vs Tikhon
[2025-05-15 20:59:58] DEBUG    service     : Parsed score data: {'sets': [0, 0], 'games': [0, 0], 'points': ['0', '0']}
[2025-05-15 20:59:58] DEBUG    app         : route: {'template': 'match-score.html', 'context': {'score': {'sets': [0, 0], 'games': [0, 0], 'points': ['0', '0']}, 'player_one_name': 'Dmitry', 'player_two_name': 'Tikhon'}, 'status': '200 OK', 'headers': [('Content-Type', 'text/html; charset=utf-8')]}
[2025-05-15 21:00:00] INFO     router      : route_request: POST /match-score
[2025-05-15 21:00:00] DEBUG    router      : Matched route: POST /match-score
[2025-05-15 21:00:00] DEBUG    controller  : match_score_controller: {'player': ['player1']}
[2025-05-15 21:00:00] DEBUG    repository  : Getting current match: found
[2025-05-15 21:00:00] DEBUG    repository  : Getting current match: found
[2025-05-15 21:00:00] DEBUG    service     : Updating regular score: player player1 has 0 points, opponent has 0 points
[2025-05-15 21:00:00] DEBUG    service     : Player player1 scores: 0 -> 15
[2025-05-15 21:00:00] DEBUG    service     : Preparing match view data
[2025-05-15 21:00:00] DEBUG    repository  : Getting current match: found
[2025-05-15 21:00:00] DEBUG    service     : Display names: Dmitry vs Tikhon
[2025-05-15 21:00:00] DEBUG    service     : Parsed score data: {'sets': [0, 0], 'games': [0, 0], 'points': ['15', '0']}
[2025-05-15 21:00:00] DEBUG    app         : route: {'template': 'match-score.html', 'context': {'score': {'sets': [0, 0], 'games': [0, 0], 'points': ['15', '0']}, 'player_one_name': 'Dmitry', 'player_two_name': 'Tikhon'}, 'status': '200 OK', 'headers': [('Content-Type', 'text/html; charset=utf-8')]}
[2025-05-15 21:08:19] INFO     waitress    : Serving on http://127.0.0.1:8080
[2025-05-15 21:08:22] INFO     router      : route_request: GET /
[2025-05-15 21:08:22] DEBUG    router      : Matched route: GET /
[2025-05-15 21:08:22] DEBUG    controller.template: Rendering template: index.html
[2025-05-15 21:08:22] DEBUG    app         : route: {'template': 'index.html', 'context': {}, 'status': '200 OK', 'headers': [('Content-Type', 'text/html; charset=utf-8')]}
[2025-05-15 21:08:26] INFO     router      : route_request: GET /new-match
[2025-05-15 21:08:26] DEBUG    router      : Matched route: GET /new-match
[2025-05-15 21:08:26] DEBUG    controller.template: Rendering template: new-match.html
[2025-05-15 21:08:26] DEBUG    app         : route: {'template': 'new-match.html', 'context': {}, 'status': '200 OK', 'headers': [('Content-Type', 'text/html; charset=utf-8')]}
[2025-05-15 21:08:31] INFO     router      : route_request: POST /new-match
[2025-05-15 21:08:31] DEBUG    router      : Matched route: POST /new-match
[2025-05-15 21:08:31] DEBUG    controller  : new_match_controller: {'playerOne': ['Dmitry'], 'playerTwo': ['Tikhon']}
[2025-05-15 21:08:31] INFO     controller  : New match: Dmitry vs Tikhon
[2025-05-15 21:08:31] DEBUG    service     : Creating new match: Dmitry vs Tikhon
[2025-05-15 21:08:31] DEBUG    repository  : Creating match for players: Dmitry, Tikhon
[2025-05-15 21:08:31] DEBUG    repository  : Match created with ID: 146282a9-eb7f-4f4f-875d-aa2052fe9ae7
[2025-05-15 21:08:31] INFO     service     : New match created with UUID: 146282a9-eb7f-4f4f-875d-aa2052fe9ae7
[2025-05-15 21:08:31] DEBUG    service.view: Preparing match view data
[2025-05-15 21:08:31] DEBUG    repository  : Getting current match: found
[2025-05-15 21:08:31] DEBUG    service.view: Display names: Dmitry vs Tikhon
[2025-05-15 21:08:31] DEBUG    service.view: Parsed score data: {'sets': [0, 0], 'games': [0, 0], 'points': ['0', '0']}
[2025-05-15 21:08:31] DEBUG    app         : route: {'template': 'match-score.html', 'context': {'score': {'sets': [0, 0], 'games': [0, 0], 'points': ['0', '0']}, 'player_one_name': 'Dmitry', 'player_two_name': 'Tikhon'}, 'status': '200 OK', 'headers': [('Content-Type', 'text/html; charset=utf-8')]}
[2025-05-15 21:09:17] INFO     router      : route_request: POST /match-score
[2025-05-15 21:09:17] DEBUG    router      : Matched route: POST /match-score
[2025-05-15 21:09:17] DEBUG    controller  : match_score_controller: {'player': ['player1']}
[2025-05-15 21:09:17] DEBUG    repository  : Getting current match: found
[2025-05-15 21:09:17] DEBUG    repository  : Getting current match: found
[2025-05-15 21:09:17] DEBUG    service.score: Updating regular score: player player1 has 0 points, opponent has 0 points
[2025-05-15 21:09:17] DEBUG    service.score: Player player1 scores: 0 -> 15
[2025-05-15 21:09:17] DEBUG    service.view: Preparing match view data
[2025-05-15 21:09:17] DEBUG    repository  : Getting current match: found
[2025-05-15 21:09:17] DEBUG    service.view: Display names: Dmitry vs Tikhon
[2025-05-15 21:09:17] DEBUG    service.view: Parsed score data: {'sets': [0, 0], 'games': [0, 0], 'points': ['15', '0']}
[2025-05-15 21:09:17] DEBUG    app         : route: {'template': 'match-score.html', 'context': {'score': {'sets': [0, 0], 'games': [0, 0], 'points': ['15', '0']}, 'player_one_name': 'Dmitry', 'player_two_name': 'Tikhon'}, 'status': '200 OK', 'headers': [('Content-Type', 'text/html; charset=utf-8')]}
[2025-05-15 21:11:39] INFO     waitress    : Serving on http://127.0.0.1:8080
[2025-05-15 21:11:42] INFO     router      : route_request: GET /
[2025-05-15 21:11:42] DEBUG    router      : Matched route: GET /
[2025-05-15 21:11:42] DEBUG    controller.template: Rendering template: index.html
[2025-05-15 21:11:42] DEBUG    app         : route: {'template': 'index.html', 'context': {}, 'status': '200 OK', 'headers': [('Content-Type', 'text/html; charset=utf-8')]}
[2025-05-15 21:11:44] INFO     router      : route_request: GET /new-match
[2025-05-15 21:11:44] DEBUG    router      : Matched route: GET /new-match
[2025-05-15 21:11:44] DEBUG    controller.template: Rendering template: new-match.html
[2025-05-15 21:11:44] DEBUG    app         : route: {'template': 'new-match.html', 'context': {}, 'status': '200 OK', 'headers': [('Content-Type', 'text/html; charset=utf-8')]}
[2025-05-15 21:11:48] INFO     router      : route_request: POST /new-match
[2025-05-15 21:11:48] DEBUG    router      : Matched route: POST /new-match
[2025-05-15 21:11:48] DEBUG    controller  : new_match_controller: {'playerOne': ['Dmitry'], 'playerTwo': ['Tikhon']}
[2025-05-15 21:11:48] INFO     controller  : New match: Dmitry vs Tikhon
[2025-05-15 21:11:48] DEBUG    service     : Creating new match: Dmitry vs Tikhon
[2025-05-15 21:11:48] DEBUG    repository  : Creating match for players: Dmitry, Tikhon
[2025-05-15 21:11:48] DEBUG    repository  : Match created with ID: 887c5f16-00fa-43cc-9b4f-32552808597d
[2025-05-15 21:11:48] INFO     service     : New match created with UUID: 887c5f16-00fa-43cc-9b4f-32552808597d
[2025-05-15 21:11:48] DEBUG    service.view: Preparing match view data
[2025-05-15 21:11:48] DEBUG    repository  : Getting current match: found
[2025-05-15 21:11:48] DEBUG    service.view: Display names: Dmitry vs Tikhon
[2025-05-15 21:11:48] DEBUG    service.view: Parsed score data: {'sets': [0, 0], 'games': [0, 0], 'points': ['0', '0']}
[2025-05-15 21:11:48] DEBUG    app         : route: {'template': 'match-score.html', 'context': {'score': {'sets': [0, 0], 'games': [0, 0], 'points': ['0', '0']}, 'player_one_name': 'Dmitry', 'player_two_name': 'Tikhon'}, 'status': '200 OK', 'headers': [('Content-Type', 'text/html; charset=utf-8')]}
[2025-05-15 21:11:50] INFO     router      : route_request: POST /match-score
[2025-05-15 21:11:50] DEBUG    router      : Matched route: POST /match-score
[2025-05-15 21:11:50] DEBUG    controller  : match_score_controller: {'player': ['player1']}
[2025-05-15 21:11:50] DEBUG    repository  : Getting current match: found
[2025-05-15 21:11:50] DEBUG    repository  : Getting current match: found
[2025-05-15 21:11:50] DEBUG    service.score: Updating regular score: player player1 has 0 points, opponent has 0 points
[2025-05-15 21:11:50] DEBUG    service.score: Player player1 scores: 0 -> 15
[2025-05-15 21:11:50] DEBUG    service.view: Preparing match view data
[2025-05-15 21:11:50] DEBUG    repository  : Getting current match: found
[2025-05-15 21:11:50] DEBUG    service.view: Display names: Dmitry vs Tikhon
[2025-05-15 21:11:50] DEBUG    service.view: Parsed score data: {'sets': [0, 0], 'games': [0, 0], 'points': ['15', '0']}
[2025-05-15 21:11:50] DEBUG    app         : route: {'template': 'match-score.html', 'context': {'score': {'sets': [0, 0], 'games': [0, 0], 'points': ['15', '0']}, 'player_one_name': 'Dmitry', 'player_two_name': 'Tikhon'}, 'status': '200 OK', 'headers': [('Content-Type', 'text/html; charset=utf-8')]}
